SVM_PRIMAL:
CPLEX 20.1.0.0: optimal solution; objective 41.84966155
10 separable QP barrier iterations
No basis.
w [*] :=
1  1.54423
2  2.35792
3  2.43953
4  2.11019
;

gamma = -4.15454

s [*] :=
  1 0.79446        26 0.685071       51 1.04769        76 1.56016e-10
  2 0.763082       27 0.486996       52 1.53537e-10    77 0.663027
  3 0.0880095      28 0.809473       53 1.0976         78 0.278387
  4 1.5493e-10     29 0.589896       54 0.164264       79 0.675858
  5 1.83117e-09    30 0.734922       55 0.320391       80 0.577862
  6 0.877692       31 0.501622       56 0.230386       81 1.54192e-10
  7 0.445578       32 0.970347       57 1.5417e-10     82 1.53954e-10
  8 1.53887e-10    33 1.54044e-10    58 0.876239       83 1.53911e-10
  9 1.54023e-10    34 1.47295e-10    59 0.158622       84 2.11112
 10 1.53244e-10    35 1.5434e-10     60 1.55295e-10    85 1.54369e-10
 11 1.5322e-10     36 1.53586e-10    61 1.51061        86 0.0942986
 12 2.70479e-10    37 3.30975e-10    62 1.53976e-10    87 1.5354e-10
 13 0.119687       38 1.54119e-10    63 0.11754        88 1.45443e-10
 14 0.511084       39 1.54149e-10    64 1.53607e-10    89 0.380062
 15 1.54331e-10    40 1.78424        65 1.56222e-10    90 0.337109
 16 0.700899       41 1.54142e-10    66 1.53272e-10    91 1.5426e-10
 17 0.486935       42 1.17221        67 1.03027        92 0.145696
 18 0.576763       43 1.53975e-10    68 1.06554        93 1.54583e-10
 19 1.54484e-10    44 1.16002        69 1.53984e-10    94 1.54758e-10
 20 1.542e-10      45 0.715995       70 0.256415       95 0.799162
 21 1.54323e-10    46 0.619525       71 1.54757e-10    96 1.54628e-10
 22 1.54354e-10    47 0.32537        72 1.53063e-10    97 0.803988
 23 0.0526062      48 1.53051e-10    73 0.572075       98 0.453166
 24 0.944084       49 0.281862       74 0.725212       99 1.5333e-10
 25 0.32062        50 2.13729        75 0.156981      100 1.5517e-10
;

SVM_DUAL:
CPLEX 20.1.0.0: optimal solution; objective 41.8496615
11 QP barrier iterations
No basis.
lambda [*] :=
  1 0.9            26 0.9            51 0.9            76 1.82328e-10
  2 0.9            27 0.9            52 8.03245e-10    77 0.9
  3 0.9            28 0.9            53 0.9            78 0.9
  4 1.52501e-09    29 0.9            54 0.9            79 0.9
  5 0.727904       30 0.9            55 0.9            80 0.9
  6 0.9            31 0.9            56 0.9            81 3.14857e-10
  7 0.9            32 0.9            57 1.00934e-09    82 1.52315e-09
  8 3.90325e-10    33 1.38508e-09    58 0.9            83 5.24252e-10
  9 3.97935e-10    34 7.24868e-08    59 0.9            84 0.9
 10 6.40147e-10    35 1.00568e-09    60 1.54769e-09    85 3.17076e-10
 11 5.23813e-10    36 9.8835e-10     61 0.9            86 0.9
 12 0.312          37 0.484096       62 4.57281e-10    87 6.05239e-10
 13 0.9            38 4.41926e-10    63 0.9            88 7.50807e-08
 14 0.9            39 6.69833e-10    64 2.31953e-10    89 0.9
 15 9.37941e-10    40 0.9            65 1.79686e-10    90 0.9
 16 0.9            41 2.12797e-09    66 4.41564e-10    91 7.52896e-10
 17 0.9            42 0.9            67 0.9            92 0.9
 18 0.9            43 4.11401e-10    68 0.9            93 5.01345e-09
 19 6.96084e-10    44 0.9            69 4.69527e-10    94 1.80566e-10
 20 4.58968e-10    45 0.9            70 0.9            95 0.9
 21 8.26686e-10    46 0.9            71 6.74557e-10    96 1.84403e-09
 22 9.07488e-10    47 0.9            72 3.61044e-10    97 0.9
 23 0.9            48 3.15223e-10    73 0.9            98 0.9
 24 0.9            49 0.9            74 0.9            99 5.3651e-10
 25 0.9            50 0.9            75 0.9           100 1.70184e-10
;

w [*] :=
1  1.54423
2  2.35792
3  2.43953
4  2.11019
;

gamma = -4.15454

y_pred [*] :=
  1  1    13 -1    25 -1    37 -1    49 -1    61  1    73 -1    85 -1    97 -1
  2  1    14  1    26 -1    38  1    50  1    62 -1    74  1    86  1    98 -1
  3  1    15  1    27 -1    39  1    51 -1    63 -1    75 -1    87  1    99  1
  4 -1    16 -1    28  1    40  1    52  1    64 -1    76 -1    88  1   100  1
  5  1    17  1    29 -1    41  1    53 -1    65  1    77 -1    89  1
  6  1    18 -1    30 -1    42  1    54  1    66 -1    78 -1    90  1
  7  1    19  1    31 -1    43  1    55  1    67 -1    79  1    91 -1
  8  1    20 -1    32 -1    44  1    56  1    68  1    80  1    92  1
  9  1    21  1    33  1    45 -1    57 -1    69 -1    81 -1    93 -1
 10 -1    22  1    34  1    46 -1    58  1    70  1    82  1    94  1
 11 -1    23  1    35  1    47  1    59  1    71  1    83 -1    95 -1
 12  1    24 -1    36  1    48  1    60  1    72 -1    84  1    96  1
;

misclassifications = 15

accuracy = 0.85