SVM_PRIMAL:
CPLEX 20.1.0.0: optimal solution; objective 1731.80453
12 separable QP barrier iterations
No basis.
w [*] :=
1  4.54128
2  4.73366
3  5.33484
4  4.95617
;

gamma = -9.71265

s [*] :=
   1 1.87299e-10    251 0.890421       501 0.767988       751 1.79619e-10
   2 0.574871       252 1.18438e-10    502 1.80075e-10    752 1.41748e-10
   3 0.975314       253 1.56349e-10    503 1.12466e-10    753 0.0926366
   4 1.63353e-10    254 1.9056e-10     504 2.63953        754 0.626
   5 1.58497e-10    255 1.2705e-10     505 2.62718        755 0.276494
   6 1.82117e-10    256 0.413633       506 1.42652e-10    756 1.3115
   7 1.39772e-10    257 1.09113e-10    507 1.86375e-10    757 1.88025e-10
   8 0.235664       258 1.11467e-10    508 7.69162e-11    758 0.217355
   9 1.90284e-10    259 9.75249e-11    509 3.76983        759 1.63137e-10
  10 2.70746        260 1.81418e-10    510 0.187222       760 0.774073
  11 1.79947e-10    261 1.82941e-10    511 1.87314e-10    761 1.86981e-10
  12 1.88188e-10    262 1.55572e-10    512 1.1241e-10     762 1.89459e-10
  13 1.58112e-10    263 1.4589e-10     513 1.31568e-10    763 2.32492
  14 9.85062e-11    264 1.41943e-10    514 0.246767       764 0.790566
  15 1.89155e-10    265 1.41501e-10    515 4.38001        765 1.87879e-10
  16 0.0800952      266 1.30895e-10    516 1.57772e-10    766 0.793102
  17 0.0229544      267 1.88114e-10    517 1.46228e-10    767 1.90331e-10
  18 0.0516894      268 1.43009e-10    518 1.46515e-10    768 1.49365e-10
  19 1.38013e-10    269 0.0238105      519 1.84839e-10    769 1.16208e-10
  20 8.92764e-11    270 1.37312e-10    520 0.867093       770 0.475533
  21 0.936382       271 1.43217e-10    521 1.89417e-10    771 1.56385e-10
  22 1.42222e-10    272 1.72283e-10    522 1.59628e-10    772 1.13498e-10
  23 1.28143e-10    273 1.57825e-10    523 7.00846e-11    773 1.53723e-10
  24 1.87054e-10    274 1.47367e-10    524 1.45736e-10    774 1.57339e-10
  25 4.13906e-11    275 1.30254e-10    525 1.62178e-10    775 1.2151e-10
  26 1.21658        276 1.41432e-10    526 1.40071e-10    776 1.89861e-10
  27 1.3883e-10     277 1.71925e-10    527 0.114583       777 1.663e-10
  28 0.427324       278 1.74112e-10    528 0.636867       778 1.78363e-10
  29 1.40544e-10    279 0.571605       529 1.74531e-10    779 0.302753
  30 1.52644e-10    280 1.44092e-10    530 1.40447e-10    780 1.50001e-10
  31 1.90329e-10    281 0.847911       531 1.87909e-10    781 1.86103e-10
  32 1.41671e-10    282 0.361744       532 1.57909e-10    782 0.502052
  33 8.39109e-11    283 4.46021        533 0.115947       783 1.0075e-10
  34 0.939793       284 0.715755       534 1.54103e-10    784 0.0726765
  35 0.49245        285 2.90095        535 1.75579e-10    785 1.86699e-10
  36 1.51215e-10    286 0.458535       536 1.38536e-10    786 1.45665e-10
  37 0.667099       287 1.40764e-10    537 0.337607       787 1.50071e-10
  38 1.43642e-10    288 1.90106e-10    538 1.28197e-10    788 1.6088e-10
  39 4.61586        289 1.87653e-10    539 1.35483e-10    789 1.8701e-10
  40 1.45233e-10    290 1.4005e-10     540 1.57828e-10    790 0.78422
  41 1.53016e-10    291 1.55195e-10    541 1.28096e-10    791 0.285383
  42 1.50894e-10    292 1.65988e-10    542 0.599487       792 1.71449e-10
  43 0.881305       293 1.74126e-10    543 1.48827e-10    793 0.341004
  44 0.348563       294 1.57975e-10    544 2.70729        794 1.54514e-10
  45 1.06819e-10    295 1.88966e-10    545 1.03243e-10    795 1.89073e-10
  46 0.0836062      296 1.38386e-10    546 0.797639       796 1.90068e-10
  47 1.86287e-10    297 1.22809e-10    547 0.358162       797 1.88261e-10
  48 1.89055e-10    298 1.4467e-10     548 1.89451e-10    798 3.35962
  49 1.72046e-10    299 2.88267e-11    549 0.88021        799 1.38816e-10
  50 1.68311e-10    300 0.837175       550 1.86952e-10    800 1.44791e-10
  51 1.44296e-10    301 4.77416        551 1.87022e-10    801 1.17009e-10
  52 0.811606       302 1.90241e-10    552 0.535184       802 1.58375e-10
  53 1.03978e-10    303 1.04527e-10    553 1.43762e-10    803 1.72905e-10
  54 1.47719e-10    304 1.42497e-10    554 0.522357       804 1.06077e-10
  55 1.90161e-10    305 0.752243       555 1.49257e-10    805 1.42217e-10
  56 0.529973       306 1.13871e-10    556 1.05823e-10    806 1.65378e-10
  57 1.44399e-10    307 1.90331e-10    557 0.953044       807 1.42236e-10
  58 1.39519e-10    308 1.86361e-10    558 1.37806e-10    808 1.31132e-10
  59 7.35281e-11    309 0.590453       559 0.209429       809 0.257774
  60 1.89137e-10    310 0.752274       560 1.49908e-10    810 1.5038e-10
  61 0.865136       311 0.320499       561 1.48658e-10    811 0.339963
  62 1.1099e-10     312 3.31797        562 1.90175e-10    812 0.132622
  63 1.89783e-10    313 0.665295       563 1.49099e-10    813 1.49321e-10
  64 1.90074e-10    314 9.52749e-11    564 1.71293e-10    814 0.00587894
  65 1.89908e-10    315 1.88691e-10    565 1.0152         815 0.0333834
  66 1.82156e-10    316 1.45385e-10    566 0.717664       816 0.708717
  67 1.416e-10      317 1.5366e-10     567 1.00033        817 1.76612e-10
  68 1.89697e-10    318 1.85981e-10    568 1.55438e-10    818 0.0500018
  69 1.8698e-10     319 4.59237        569 1.90043e-10    819 1.45864e-10
  70 1.60682e-10    320 1.4114e-10     570 1.89353e-10    820 0.753981
  71 1.7553e-10     321 0.075198       571 1.85656e-10    821 1.31188e-10
  72 1.85607e-10    322 1.36831e-10    572 1.85944e-10    822 1.59752e-10
  73 1.88288e-10    323 1.39099e-10    573 1.49509e-10    823 1.03193e-10
  74 1.46511e-10    324 1.40352e-10    574 1.8741e-10     824 5.29859
  75 3.26666        325 1.71024e-10    575 1.57261e-10    825 1.43414e-10
  76 1.89336e-10    326 0.310348       576 1.19396e-10    826 1.27088e-10
  77 1.35468e-10    327 1.90071e-10    577 2.78163        827 1.58384e-10
  78 1.49628e-10    328 1.89953e-10    578 1.51322e-10    828 1.72583e-10
  79 3.82479        329 1.57205e-10    579 1.86831e-10    829 1.85976e-10
  80 1.53294e-10    330 0.554552       580 1.89902e-10    830 0.392717
  81 0.0547725      331 1.88833e-10    581 0.580515       831 0.393684
  82 0.328265       332 1.3566e-10     582 1.479e-10      832 1.6994e-10
  83 0.590468       333 1.89548e-10    583 1.08181        833 3.9849
  84 1.90338e-10    334 1.40758e-10    584 0.624546       834 1.89297e-10
  85 1.42437e-10    335 1.47946e-10    585 0.610146       835 1.85296e-10
  86 1.36309e-10    336 1.38932e-10    586 4.39245        836 0.249461
  87 1.41738e-10    337 1.90074e-10    587 1.32138e-10    837 1.83282e-10
  88 1.50907e-10    338 1.88755e-10    588 1.27605e-10    838 1.0266
  89 1.44011e-10    339 0.153256       589 1.0216         839 0.424305
  90 1.05472e-10    340 1.47294e-10    590 0.535048       840 4.42942
  91 0.443862       341 1.42806e-10    591 7.50845e-11    841 1.88373e-10
  92 1.88147e-10    342 1.81258e-10    592 1.89788e-10    842 0.37627
  93 1.43082e-10    343 0.0566104      593 1.88485e-10    843 1.48953e-10
  94 1.58575e-10    344 0.423164       594 0.341582       844 1.796e-10
  95 0.0183238      345 0.941989       595 1.00088        845 1.6885e-10
  96 1.3299e-10     346 1.43386e-10    596 1.43651e-10    846 1.57084e-10
  97 1.77504e-10    347 1.87196e-10    597 1.13674e-10    847 1.39422e-10
  98 0.824865       348 1.56033e-10    598 1.84253e-10    848 0.92211
  99 1.79764e-10    349 0.161502       599 1.88567e-10    849 1.87086e-10
 100 1.82581e-10    350 1.37089e-10    600 2.77648e-11    850 5.5538e-11
 101 1.41837e-10    351 1.87256e-10    601 0.206349       851 1.42366e-10
 102 1.28209e-10    352 1.29925e-10    602 1.42014e-10    852 0.251807
 103 1.41666e-10    353 1.5916e-10     603 1.31646e-10    853 0.239875
 104 1.48006e-10    354 1.36151e-10    604 1.37118e-10    854 1.45338e-10
 105 1.17283e-10    355 0.646023       605 1.63291        855 1.43292e-10
 106 1.41437e-10    356 0.270781       606 1.7011e-10     856 1.89691e-10
 107 1.90098e-10    357 1.89852e-10    607 1.42148e-10    857 1.35405e-10
 108 1.56568e-10    358 1.54439e-10    608 0.174422       858 1.43843e-10
 109 0.63374        359 1.87294e-10    609 1.48543e-10    859 1.43614e-10
 110 0.240529       360 2.53869        610 0.454007       860 1.71512e-10
 111 1.77402e-10    361 1.056e-10      611 1.89978e-10    861 1.7469e-10
 112 1.67411        362 1.56777e-10    612 1.47418e-10    862 1.5757e-10
 113 0.84447        363 0.90759        613 1.59863e-10    863 1.4009e-10
 114 1.88755e-10    364 1.36042e-10    614 4.26873        864 1.4583e-10
 115 1.38591e-10    365 1.79457e-10    615 1.89076e-10    865 0.789583
 116 1.57456e-10    366 1.63859e-10    616 3.29518e-11    866 1.88305e-10
 117 1.40067e-10    367 0.369393       617 0.211054       867 1.52046e-10
 118 1.38928e-10    368 1.5486e-10     618 1.63391e-10    868 0.114665
 119 1.36524e-10    369 1.58483e-10    619 1.402e-10      869 1.34331e-10
 120 1.31637e-10    370 1.45449e-10    620 1.0115e-10     870 1.86493e-10
 121 8.475e-11      371 1.55846e-10    621 1.8548e-10     871 5.90034e-11
 122 0.225051       372 1.44526e-10    622 1.41364e-10    872 1.90441e-10
 123 1.40162e-10    373 1.51138e-10    623 1.8987e-10     873 1.89807e-10
 124 1.82745e-10    374 0.154726       624 0.279609       874 0.377379
 125 1.87923e-10    375 0.89839        625 1.90389e-10    875 1.19117
 126 4.80092e-11    376 0.557742       626 1.4505e-10     876 1.41121e-10
 127 1.77576e-10    377 1.60919e-10    627 1.54309e-10    877 1.86209e-10
 128 1.43003e-10    378 3.73139        628 1.68703e-10    878 1.81069e-10
 129 1.16946e-10    379 1.46364e-10    629 1.07056        879 1.87063e-10
 130 0.215575       380 2.72218        630 1.46345e-10    880 1.921
 131 0.376773       381 1.72592e-10    631 0.541382       881 1.42305e-10
 132 1.90029e-10    382 0.00276865     632 1.57641e-10    882 2.44174
 133 9.91438e-11    383 0.177425       633 1.45553e-10    883 1.48291e-10
 134 1.32679e-10    384 1.78201e-10    634 1.85607e-10    884 1.90198e-10
 135 1.88818e-10    385 1.39381e-10    635 1.77019e-10    885 0.376063
 136 1.08158        386 1.89297e-10    636 6.51988e-11    886 0.632424
 137 2.94217        387 0.321906       637 1.89751e-10    887 1.12849e-10
 138 1.87921e-10    388 1.54753e-10    638 1.63926e-10    888 1.88299e-10
 139 1.35186e-10    389 1.77365e-10    639 1.44485e-10    889 1.90267e-10
 140 1.88749e-10    390 1.53613e-10    640 1.48468e-10    890 1.89733e-10
 141 1.58538e-10    391 1.73916e-10    641 1.60833e-10    891 0.360107
 142 0.756675       392 0.932488       642 0.248056       892 0.0281151
 143 1.42328e-10    393 1.4276e-10     643 1.50974e-10    893 2.77591e-09
 144 1.05574        394 0.0764921      644 1.72967e-10    894 0.496134
 145 0.0381893      395 1.21336        645 0.35699        895 1.18034e-10
 146 1.41058e-10    396 1.89958e-10    646 1.86418e-10    896 1.84204e-10
 147 0.698536       397 0.853626       647 3.51113        897 1.69517e-10
 148 6.30139e-11    398 1.43411e-10    648 0.404596       898 1.68557e-10
 149 1.38968e-10    399 1.88385e-10    649 2.26922        899 1.32113e-10
 150 1.49959e-10    400 1.09044e-10    650 0.422537       900 1.60623e-10
 151 1.01887e-10    401 1.48876e-10    651 0.272206       901 1.39309e-10
 152 1.82015e-10    402 0.539919       652 1.18176e-10    902 1.3472e-10
 153 1.86266e-10    403 1.06326e-10    653 1.84723e-10    903 0.489783
 154 0.774505       404 0.839859       654 0.829934       904 1.82361e-10
 155 0.96723        405 1.89857e-10    655 1.85835e-10    905 1.70636e-10
 156 0.194137       406 1.89984e-10    656 1.63413e-10    906 1.57238e-10
 157 1.25118e-10    407 1.27051e-10    657 3.19911        907 1.8969e-10
 158 1.41334e-10    408 1.74103e-10    658 1.33625e-10    908 1.89795e-10
 159 1.1258e-10     409 1.61685        659 1.38111e-10    909 1.89146e-10
 160 0.274258       410 0.338266       660 1.1873e-10     910 0.497266
 161 1.46833e-10    411 1.84237e-10    661 1.23973e-10    911 1.88518e-10
 162 1.56114e-10    412 1.85841e-10    662 1.56697e-10    912 1.61297e-10
 163 1.78611e-10    413 1.87614e-10    663 1.44148e-10    913 1.89788e-10
 164 0.920537       414 1.55886e-10    664 0.570978       914 0.0848297
 165 0.0162226      415 1.00863        665 1.89875e-10    915 1.85663e-10
 166 1.62673e-10    416 1.51757e-10    666 0.329046       916 1.56282e-10
 167 0.0407514      417 1.4513e-10     667 1.43773e-10    917 1.42213e-10
 168 3.38798        418 1.43348e-10    668 1.81322e-10    918 1.4594e-10
 169 1.68681e-10    419 1.87967e-10    669 1.40144e-10    919 1.90142e-10
 170 1.85938e-10    420 1.44838e-10    670 1.42793e-10    920 1.4134e-10
 171 0.482886       421 1.4334e-10     671 1.76791e-10    921 1.42147e-10
 172 1.86992e-10    422 0.592153       672 0.382778       922 0.747088
 173 1.73228e-10    423 1.9064e-10     673 0.649705       923 0.716202
 174 1.04139        424 2.59935        674 0.803271       924 9.27477e-11
 175 1.33531e-10    425 1.74229e-10    675 1.90581e-10    925 1.4379e-10
 176 1.50984e-10    426 0.414089       676 1.45261e-10    926 1.40182e-10
 177 1.52769e-10    427 1.5737e-10     677 1.86698e-10    927 0.047589
 178 1.84796e-10    428 0.103559       678 1.71636e-10    928 1.67541e-10
 179 1.8608e-10     429 1.5211e-10     679 1.38598e-10    929 0.431543
 180 1.47267e-10    430 1.32808e-10    680 1.56863e-10    930 3.39933e-11
 181 1.89732e-10    431 0.507012       681 1.34162e-10    931 1.22836e-10
 182 0.339726       432 6.05918        682 1.88994e-10    932 0.554177
 183 1.48658e-10    433 0.881645       683 1.54681e-10    933 1.25815e-10
 184 1.8798e-10     434 6.01607e-11    684 1.49962e-10    934 1.85829e-10
 185 1.86279e-10    435 1.89964e-10    685 1.89171e-10    935 0.924292
 186 0.620322       436 0.713629       686 1.57875e-10    936 1.75965e-10
 187 0.0385951      437 1.88522e-10    687 1.45834e-10    937 0.617894
 188 0.194106       438 1.80395e-10    688 1.19446e-10    938 0.37835
 189 1.57477e-10    439 1.35778e-10    689 0.553709       939 1.88127e-10
 190 9.32555e-11    440 1.31236e-10    690 1.67257e-10    940 0.529897
 191 0.464345       441 1.88919e-10    691 1.41688e-10    941 1.86039e-10
 192 0.852284       442 1.89387e-10    692 0.550599       942 1.36373e-10
 193 0.0171998      443 1.86307e-10    693 1.42715e-10    943 7.64435e-11
 194 1.89626e-10    444 0.354812       694 1.23441e-10    944 0.775039
 195 0.882199       445 1.16733e-10    695 1.52845e-10    945 1.40952e-10
 196 0.253176       446 0.0560164      696 6.93681        946 1.37485e-10
 197 3.05048e-11    447 1.80868e-10    697 0.070368       947 1.8946e-10
 198 1.66671e-10    448 1.59092e-10    698 1.38964e-10    948 2.20219e-09
 199 1.64234e-10    449 1.88862e-10    699 1.88307e-10    949 1.49149e-10
 200 0.427866       450 0.610788       700 1.36591e-10    950 9.82165e-11
 201 1.8903e-10     451 1.89508e-10    701 1.83326e-10    951 1.44332e-10
 202 0.55535        452 0.840124       702 1.33971e-10    952 1.71654e-10
 203 1.50084e-10    453 0.581046       703 1.76671e-10    953 1.58303e-10
 204 1.25338e-10    454 0.332613       704 1.71253e-10    954 1.5772e-10
 205 1.41912e-10    455 1.64778e-10    705 1.50981e-10    955 0.20052
 206 1.42282e-10    456 1.63167e-10    706 1.57461e-10    956 1.55777e-10
 207 1.87818e-10    457 1.81318e-10    707 1.88207e-10    957 1.50997e-10
 208 1.52936e-10    458 1.88702e-10    708 0.276724       958 0.374961
 209 1.41988e-10    459 1.44773e-10    709 1.32604e-10    959 1.40934e-10
 210 1.89378e-10    460 0.302369       710 0.236815       960 1.45841e-10
 211 0.737101       461 6.20095e-11    711 1.4586e-10     961 0.473954
 212 1.42045e-10    462 1.45235e-10    712 1.89807e-10    962 1.85311e-10
 213 1.90472e-10    463 0.337383       713 0.347887       963 1.89459e-10
 214 1.83799e-10    464 1.12007        714 0.89717        964 1.44146e-10
 215 0.0669411      465 0.344677       715 1.39135e-10    965 1.35974e-10
 216 1.75155e-10    466 3.86641e-11    716 0.124827       966 1.20484
 217 0.262011       467 1.86e-10       717 1.57388e-10    967 1.39707e-10
 218 0.25804        468 1.79079e-10    718 1.46172e-10    968 1.55167e-10
 219 1.89417e-10    469 1.69481e-10    719 1.64183e-10    969 1.39578e-10
 220 0.377238       470 0.519503       720 1.57705        970 1.43484e-10
 221 0.203709       471 1.47319e-10    721 1.9016e-10     971 0.118629
 222 1.55391e-10    472 1.45415e-10    722 1.85774e-10    972 1.89039e-10
 223 1.67812e-10    473 1.7802e-10     723 0.796423       973 1.63863e-10
 224 1.85317e-10    474 1.39539e-10    724 5.19659        974 1.90659e-10
 225 1.52524e-10    475 1.26172e-10    725 0.73867        975 1.52861e-10
 226 1.38343e-10    476 0.379032       726 0.203693       976 1.87507e-10
 227 1.15775        477 0.433951       727 1.61427e-10    977 4.07242e-11
 228 0.566519       478 0.00937041     728 6.33973        978 0.575458
 229 1.10887e-10    479 0.243533       729 1.79326e-10    979 0.551265
 230 1.38118e-10    480 0.0681655      730 0.483245       980 1.63661e-10
 231 1.37047e-10    481 0.828292       731 0.232072       981 1.12752e-10
 232 1.6746e-10     482 1.86971e-10    732 0.248891       982 1.88623e-10
 233 1.88141e-10    483 1.89194e-10    733 1.89411e-10    983 1.51357e-10
 234 1.55116e-10    484 1.64226e-10    734 1.39361e-10    984 0.469189
 235 1.0029         485 1.79365e-10    735 1.07722        985 1.42127e-10
 236 0.560502       486 1.15483e-10    736 1.4112e-10     986 1.40533e-10
 237 1.84674e-10    487 0.880536       737 1.43974e-10    987 1.09842e-10
 238 8.48618e-11    488 0.424759       738 0.608292       988 1.42235e-10
 239 1.39636e-10    489 0.383559       739 1.20265e-10    989 0.36379
 240 1.40864e-10    490 1.90553e-10    740 1.67515e-10    990 1.43273e-10
 241 1.81343e-10    491 1.45751e-10    741 8.88544e-11    991 4.11325e-11
 242 1.81098e-10    492 8.91232        742 0.615608       992 0.540442
 243 1.881e-10      493 1.67011        743 1.55733e-10    993 1.61551e-10
 244 1.8944e-10     494 0.503616       744 1.41266e-10    994 1.4206e-10
 245 1.15555e-10    495 0.376141       745 0.289894       995 1.89926e-10
 246 1.81178e-10    496 1.82018e-10    746 1.11635        996 1.74068e-10
 247 2.26852e-10    497 4.67604        747 1.39223e-10    997 0.305338
 248 1.71175        498 1.46607e-10    748 1.44498e-10    998 1.69404e-10
 249 1.52551e-10    499 1.34321e-10    749 1.40362e-10    999 1.13811
 250 0.873256       500 0.571467       750 1.70053e-10   1000 1.86046e-10
;

SVM_DUAL:
CPLEX 20.1.0.0: optimal solution; objective 1731.804529
25 QP barrier iterations
No basis.
lambda [*] :=
   1 3.32549e-10    251 5.7            501 5.7            751 3.57532e-10
   2 5.7            252 3.08441e-09    502 3.75719e-10    752 7.08892e-10
   3 5.7            253 4.68983e-10    503 7.10664e-09    753 5.7
   4 4.61569e-10    254 2.59135e-10    504 5.7            754 5.7
   5 4.89996e-10    255 1.39691e-09    505 5.7            755 5.7
   6 3.5156e-10     256 5.7            506 6.18048e-10    756 5.7
   7 7.71288e-10    257 3.7493e-09     507 3.42698e-10    757 3.12091e-10
   8 5.7            258 2.2037e-08     508 3.72834e-08    758 5.7
   9 2.80042e-10    259 2.3461e-09     509 5.7            759 4.17626e-10
  10 5.7            260 3.68449e-10    510 5.7            760 5.7
  11 3.74746e-10    261 3.67719e-10    511 2.17203e-10    761 2.20827e-10
  12 3.18101e-10    262 5.1841e-10     512 1.4761e-09     762 2.80943e-10
  13 4.87568e-10    263 5.96953e-10    513 1.21081e-09    763 5.7
  14 2.06921e-09    264 1.29322e-09    514 5.7            764 5.7
  15 2.4962e-10     265 6.09458e-10    515 5.7            765 3.293e-10
  16 5.7            266 3.88886e-09    516 4.90124e-10    766 5.7
  17 5.7            267 2.41872e-10    517 8.09423e-09    767 2.87754e-10
  18 5.7            268 8.93172e-09    518 5.91777e-10    768 7.48711e-10
  19 1.26553e-09    269 5.7            519 3.57937e-10    769 3.26483e-09
  20 2.26532e-09    270 6.27475e-10    520 5.7            770 5.7
  21 5.7            271 4.93508e-10    521 3.03404e-10    771 5.05234e-10
  22 4.91066e-10    272 3.97162e-10    522 4.70077e-10    772 2.32952e-09
  23 1.84706e-09    273 8.91286e-10    523 4.13911e-09    773 4.83057e-10
  24 2.15883e-10    274 8.4746e-10     524 5.271e-10      774 4.70464e-10
  25 0.664748       275 1.62498e-09    525 9.52896e-10    775 3.43744e-09
  26 5.7            276 9.68233e-10    526 7.59902e-10    776 3.00104e-10
  27 5.34617e-10    277 4.29902e-10    527 5.7            777 4.50346e-10
  28 5.7            278 3.99229e-10    528 5.7            778 3.69404e-10
  29 6.60498e-10    279 5.7            529 3.86875e-10    779 5.7
  30 5.05885e-10    280 1.02256e-09    530 6.60149e-10    780 5.09511e-10
  31 2.89911e-10    281 5.7            531 2.2316e-10     781 2.02771e-10
  32 5.94369e-10    282 5.7            532 4.78083e-10    782 5.7
  33 2.73068e-09    283 5.7            533 5.7            783 3.36551e-09
  34 5.7            284 5.7            534 4.84208e-10    784 5.7
  35 5.7            285 5.7            535 3.72828e-10    785 2.11042e-10
  36 9.54314e-10    286 5.7            536 6.63329e-10    786 9.99249e-10
  37 5.7            287 6.70943e-10    537 5.7            787 5.12491e-10
  38 5.85704e-10    288 2.63092e-10    538 1.43901e-09    788 4.43069e-10
  39 5.7            289 3.23224e-10    539 5.38875e-10    789 3.22266e-10
  40 8.77953e-10    290 6.14509e-10    540 4.84712e-10    790 5.7
  41 7.83128e-10    291 5.06445e-10    541 8.10878e-09    791 5.7
  42 4.99094e-10    292 4.40003e-10    542 5.7            792 4.0576e-10
  43 5.7            293 4.21037e-10    543 5.46649e-10    793 5.7
  44 5.7            294 4.41086e-10    544 5.7            794 5.07492e-10
  45 3.39598e-09    295 2.45317e-10    545 1.34124e-09    795 3.12752e-10
  46 5.7            296 5.84664e-10    546 5.7            796 2.91563e-10
  47 2.08531e-10    297 1.96046e-09    547 5.7            797 2.28831e-10
  48 2.50928e-10    298 9.39279e-10    548 3.07487e-10    798 5.7
  49 4.08214e-10    299 1.95779e-09    549 5.7            799 6.53895e-10
  50 4.36447e-10    300 5.7            550 2.10223e-10    800 1.12199e-09
  51 8.27145e-10    301 5.7            551 3.302e-10      801 2.28553e-09
  52 5.7            302 2.83198e-10    552 5.7            802 8.59043e-10
  53 3.41929e-08    303 1.99298e-09    553 1.03739e-09    803 4.00306e-10
  54 7.59454e-10    304 5.4987e-10     554 5.7            804 1.80506e-09
  55 2.89412e-10    305 5.7            555 9.99762e-09    805 6.73207e-10
  56 5.7            306 1.25808e-09    556 2.87087e-09    806 4.4848e-10
  57 8.42322e-10    307 2.6045e-10     557 5.7            807 1.20396e-09
  58 8.00146e-10    308 2.09243e-10    558 7.41305e-09    808 1.56783e-09
  59 0.20628        309 5.7            559 5.7            809 5.7
  60 3.02446e-10    310 5.7            560 5.11269e-10    810 5.42233e-10
  61 5.7            311 5.7            561 4.95935e-10    811 5.7
  62 1.55299e-09    312 5.7            562 2.56953e-10    812 5.7
  63 2.59328e-10    313 5.7            563 5.32503e-10    813 5.65281e-10
  64 2.80552e-10    314 2.58032e-09    564 4.20253e-10    814 5.7
  65 2.92478e-10    315 2.40849e-10    565 5.7            815 5.7
  66 3.6297e-10     316 5.58595e-10    566 5.7            816 5.7
  67 8.76292e-10    317 8.33397e-10    567 5.7            817 4.06837e-10
  68 2.68216e-10    318 1.96057e-10    568 4.98061e-10    818 5.7
  69 2.20352e-10    319 5.7            569 2.93982e-10    819 1.03646e-09
  70 4.72889e-10    320 7.76348e-10    570 3.04359e-10    820 5.7
  71 3.9581e-10     321 5.7            571 1.95941e-10    821 6.59647e-09
  72 1.87164e-10    322 1.2531e-09     572 3.47141e-10    822 4.40973e-10
  73 3.09534e-10    323 7.8218e-10     573 4.90786e-10    823 2.91062e-09
  74 5.42321e-10    324 5.61632e-10    574 3.3718e-10     824 5.7
  75 5.7            325 4.12811e-10    575 8.11992e-10    825 6.32566e-10
  76 3.08295e-10    326 5.7            576 1.7278e-09     826 1.3393e-09
  77 6.51702e-10    327 2.91229e-10    577 5.7            827 8.22529e-10
  78 2.21665e-08    328 2.95513e-10    578 9.88374e-10    828 4.02739e-10
  79 5.7            329 4.951e-10      579 3.40015e-10    829 3.41422e-10
  80 5.08564e-10    330 5.7            580 2.9081e-10     830 5.7
  81 5.7            331 2.48081e-10    581 5.7            831 5.7
  82 5.7            332 1.23965e-09    582 5.17337e-10    832 4.38223e-10
  83 5.7            333 2.54881e-10    583 5.7            833 5.7
  84 2.85356e-10    334 6.21491e-10    584 5.7            834 3.12483e-10
  85 5.53416e-10    335 5.83703e-10    585 5.7            835 3.51757e-10
  86 6.14979e-10    336 6.13299e-10    586 5.7            836 5.7
  87 7.96572e-10    337 2.68417e-10    587 1.14728e-08    837 3.67808e-10
  88 8.31481e-10    338 2.38208e-10    588 4.82151e-09    838 5.7
  89 1.08096e-09    339 5.7            589 5.7            839 5.7
  90 2.87797e-09    340 7.22733e-10    590 5.7            840 5.7
  91 5.7            341 6.00013e-10    591 3.80328e-09    841 2.33715e-10
  92 2.3835e-10     342 3.52185e-10    592 2.44997e-10    842 5.7
  93 7.78493e-10    343 5.7            593 2.30503e-10    843 4.03926e-09
  94 9.66025e-10    344 5.7            594 5.7            844 3.6968e-10
  95 5.7            345 5.7            595 5.7            845 4.25966e-10
  96 1.02573e-08    346 6.59635e-10    596 6.6162e-10     846 7.58178e-10
  97 3.76975e-10    347 2.21047e-10    597 1.4759e-09     847 5.93323e-10
  98 5.7            348 4.79958e-10    598 3.64284e-10    848 5.7
  99 3.87161e-10    349 5.7            599 2.40022e-10    849 2.18025e-10
 100 3.59584e-10    350 5.97569e-10    600 2.13445e-07    850 3.05146e-09
 101 9.81739e-10    351 2.24368e-10    601 5.7            851 1.30639e-09
 102 6.90703e-09    352 1.35033e-09    602 7.72833e-10    852 5.7
 103 1.32951e-09    353 4.8809e-10     603 1.17776e-09    853 5.7
 104 4.28642e-09    354 5.76664e-10    604 6.16313e-10    854 5.38231e-10
 105 1.74324e-09    355 5.7            605 5.7            855 6.68951e-10
 106 9.48575e-10    356 5.7            606 3.98752e-10    856 2.86489e-10
 107 2.77428e-10    357 3.06104e-10    607 9.19895e-10    857 5.65129e-10
 108 5.26858e-10    358 5.03784e-10    608 5.7            858 5.51745e-10
 109 5.7            359 3.26802e-10    609 6.86771e-10    859 5.69544e-10
 110 5.7            360 5.7            610 5.7            860 4.13654e-10
 111 3.77013e-10    361 2.76281e-09    611 2.90148e-10    861 4.02892e-10
 112 5.7            362 8.77317e-10    612 4.93413e-10    862 4.66065e-10
 113 5.7            363 5.7            613 4.63181e-10    863 7.72684e-10
 114 2.38066e-10    364 1.47813e-09    614 5.7            864 5.08237e-10
 115 6.72205e-10    365 3.89723e-10    615 2.36514e-10    865 5.7
 116 9.92808e-10    366 1.20535e-07    616 1.64646e-09    866 3.21541e-10
 117 6.44464e-10    367 5.7            617 5.7            867 7.4456e-10
 118 8.72801e-10    368 4.66612e-10    618 4.53572e-10    868 5.7
 119 5.67239e-10    369 5.1239e-10     619 6.07739e-10    869 5.6601e-09
 120 5.22925e-09    370 7.14132e-10    620 2.33393e-09    870 2.05795e-10
 121 2.50933e-09    371 5.05588e-10    621 1.90181e-10    871 2.17759e-09
 122 5.7            372 9.27776e-10    622 5.70008e-10    872 2.94243e-10
 123 6.12707e-10    373 5.33846e-10    623 2.86799e-10    873 2.80883e-10
 124 3.74762e-10    374 5.7            624 5.7            874 5.7
 125 3.20415e-10    375 5.7            625 2.86186e-10    875 5.7
 126 2.14845e-09    376 5.7            626 7.37626e-10    876 7.64833e-10
 127 3.77724e-10    377 4.89778e-10    627 5.0166e-10     877 3.28962e-10
 128 5.74586e-10    378 5.7            628 4.1462e-10     878 3.87997e-10
 129 1.18598e-09    379 5.49128e-10    629 5.7            879 2.20292e-10
 130 5.7            380 5.7            630 5.57424e-10    880 5.7
 131 5.7            381 4.07136e-10    631 5.7            881 1.01945e-09
 132 2.7396e-10     382 5.7            632 8.08533e-10    882 5.7
 133 1.21537e-09    383 5.7            633 6.58608e-10    883 5.0339e-10
 134 2.33758e-08    384 3.77594e-10    634 1.95092e-10    884 2.51099e-10
 135 3.16313e-10    385 5.74559e-10    635 3.86009e-10    885 5.7
 136 5.7            386 2.57651e-10    636 1.73034e-09    886 5.7
 137 5.7            387 5.7            637 2.87308e-10    887 1.95796e-09
 138 3.25543e-10    388 5.15346e-10    638 3.75693e-09    888 2.35448e-10
 139 6.82516e-09    389 3.96582e-10    639 4.99501e-10    889 2.6436e-10
 140 2.34624e-10    390 8.07805e-10    640 5.19523e-10    890 2.48823e-10
 141 9.77684e-10    391 3.90891e-10    641 4.82381e-10    891 5.7
 142 5.7            392 5.7            642 5.7            892 5.7
 143 9.47544e-10    393 7.93764e-10    643 1.04657e-09    893 4.69686
 144 5.7            394 5.7            644 4.00782e-10    894 5.7
 145 5.7            395 5.7            645 5.7            895 1.67371e-09
 146 6.62402e-10    396 2.67429e-10    646 2.08072e-10    896 3.5734e-10
 147 5.7            397 5.7            647 5.7            897 4.08553e-10
 148 1.7386e-09     398 9.2549e-10     648 5.7            898 4.0709e-10
 149 1.33476e-09    399 2.38237e-10    649 5.7            899 1.50921e-09
 150 4.31581e-09    400 2.60108e-09    650 5.7            900 1.00162e-09
 151 4.16448e-09    401 1.05025e-09    651 5.7            901 5.14828e-10
 152 3.58261e-10    402 5.7            652 1.92651e-09    902 1.42421e-09
 153 2.09118e-10    403 2.90333e-09    653 3.46701e-10    903 5.7
 154 5.7            404 5.7            654 5.7            904 3.65649e-10
 155 5.7            405 3.10662e-10    655 2.03806e-10    905 4.20894e-10
 156 5.7            406 2.76719e-10    656 4.71003e-10    906 1.23778e-08
 157 4.80933e-09    407 1.54224e-09    657 5.7            907 2.47992e-10
 158 5.26097e-10    408 4.18596e-10    658 6.83992e-10    908 2.61017e-10
 159 1.7395e-09     409 5.7            659 4.25156e-09    909 3.1025e-10
 160 5.7            410 5.7            660 6.76799e-08    910 5.7
 161 5.12967e-10    411 3.63203e-10    661 1.84573e-09    911 2.40285e-10
 162 4.97119e-10    412 1.95047e-10    662 8.96976e-10    912 4.84706e-10
 163 3.70732e-10    413 2.23897e-10    663 7.14073e-10    913 2.70759e-10
 164 5.7            414 4.80357e-10    664 5.7            914 5.7
 165 5.7            415 5.7            665 2.42999e-10    915 3.29623e-10
 166 4.63323e-10    416 7.82826e-10    666 5.7            916 4.87049e-10
 167 5.7            417 5.76305e-10    667 1.09103e-09    917 8.29127e-10
 168 5.7            418 6.22419e-10    668 3.57789e-10    918 5.5342e-10
 169 4.42428e-10    419 3.19028e-10    669 8.15854e-10    919 3.05993e-10
 170 2.00276e-10    420 5.51005e-10    670 1.51054e-09    920 9.6191e-10
 171 5.7            421 9.82637e-10    671 3.99165e-10    921 9.55646e-10
 172 2.14762e-10    422 5.7            672 5.7            922 5.7
 173 4.03657e-10    423 2.65133e-10    673 5.7            923 5.7
 174 5.7            424 5.7            674 5.7            924 1.26832e-09
 175 1.07136e-09    425 4.14868e-10    675 2.78647e-10    925 6.43339e-10
 176 8.39094e-10    426 5.7            676 7.23873e-10    926 6.66619e-10
 177 4.71825e-10    427 7.62386e-10    677 2.08101e-10    927 5.7
 178 3.39145e-10    428 5.7            678 4.12612e-10    928 1.02124e-09
 179 2.04316e-10    429 4.85954e-10    679 1.14776e-08    929 5.7
 180 1.21153e-09    430 1.70669e-09    680 1.00481e-09    930 2.07242e-09
 181 2.90314e-10    431 5.7            681 1.33819e-09    931 1.22413e-09
 182 5.7            432 5.7            682 3.11667e-10    932 5.7
 183 5.90482e-09    433 5.7            683 8.14042e-10    933 1.27214e-09
 184 2.34858e-10    434 2.42962e-09    684 4.59653e-10    934 3.5236e-10
 185 3.38163e-10    435 2.97529e-10    685 2.42524e-10    935 5.7
 186 5.7            436 5.7            686 8.23971e-10    936 3.92478e-10
 187 5.7            437 3.09726e-10    687 9.97225e-10    937 5.7
 188 5.7            438 3.60981e-10    688 1.00899e-07    938 5.7
 189 5.01055e-10    439 1.20357e-09    689 5.7            939 2.35827e-10
 190 1.4807e-09     440 1.47183e-09    690 4.2816e-10     940 5.7
 191 5.7            441 2.31183e-10    691 6.7735e-10     941 3.32019e-10
 192 5.7            442 3.03875e-10    692 5.7            942 7.64989e-10
 193 5.7            443 3.4296e-10     693 5.13559e-10    943 4.16736e-08
 194 3.00562e-10    444 5.7            694 1.25529e-09    944 5.7
 195 5.7            445 1.94001e-09    695 1.04438e-09    945 9.865e-10
 196 5.7            446 5.7            696 5.7            946 5.49768e-10
 197 2.10247e-09    447 3.84109e-10    697 5.7            947 2.9932e-10
 198 4.3282e-10     448 7.88063e-10    698 6.38853e-10    948 5.54496
 199 4.45674e-10    449 2.42039e-10    699 2.32423e-10    949 5.22783e-10
 200 5.7            450 5.7            700 6.79029e-10    950 2.56235e-09
 201 3.19026e-10    451 2.96955e-10    701 3.46709e-10    951 9.89191e-10
 202 5.7            452 5.7            702 1.513e-09      952 4.08367e-10
 203 9.95161e-10    453 5.7            703 3.94399e-10    953 4.59159e-10
 204 4.46015e-09    454 5.7            704 4.15579e-10    954 1.07152e-09
 205 5.98032e-10    455 4.6722e-10     705 5.65401e-10    955 5.7
 206 6.78707e-10    456 4.4201e-10     706 4.53317e-10    956 1.06894e-09
 207 2.31492e-10    457 3.85846e-10    707 2.39934e-10    957 1.24063e-08
 208 4.91623e-10    458 3.23329e-10    708 5.7            958 5.7
 209 7.09928e-10    459 6.02678e-10    709 1.32495e-09    959 5.87191e-10
 210 2.54522e-10    460 5.7            710 5.7            960 7.42133e-10
 211 5.7            461 2.33885e-09    711 8.98612e-10    961 5.7
 212 6.71875e-10    462 5.87702e-10    712 2.76261e-10    962 1.79598e-10
 213 2.81252e-10    463 5.7            713 5.7            963 2.49935e-10
 214 3.47593e-10    464 5.7            714 5.7            964 7.46425e-10
 215 5.7            465 5.7            715 6.46354e-10    965 7.07925e-10
 216 4.01231e-10    466 1.95508e-09    716 5.7            966 5.7
 217 5.7            467 3.53657e-10    717 4.57786e-10    967 5.30792e-10
 218 5.7            468 3.68574e-10    718 4.93194e-10    968 5.11175e-10
 219 2.50236e-10    469 4.08697e-10    719 4.32498e-10    969 6.6295e-10
 220 5.7            470 5.7            720 5.7            970 1.1305e-09
 221 5.7            471 9.3991e-10     721 2.96167e-10    971 5.7
 222 4.60419e-10    472 7.2704e-10     722 1.92921e-10    972 2.57633e-10
 223 4.30406e-10    473 3.85569e-10    723 5.7            973 4.32071e-10
 224 1.87108e-10    474 6.82092e-10    724 5.7            974 2.79229e-10
 225 5.20112e-10    475 2.0408e-08     725 5.7            975 5.51522e-10
 226 5.97419e-09    476 5.7            726 5.7            976 3.17105e-10
 227 5.7            477 5.7            727 7.71101e-10    977 1.57685e-09
 228 5.7            478 5.7            728 5.7            978 5.7
 229 1.76907e-09    479 5.7            729 3.74359e-10    979 5.7
 230 7.64195e-09    480 5.7            730 5.7            980 4.43452e-10
 231 7.17603e-10    481 5.7            731 5.7            981 9.32196e-09
 232 1.09851e-09    482 2.24786e-10    732 5.7            982 3.1897e-10
 233 2.36069e-10    483 2.45769e-10    733 2.50591e-10    983 5.43056e-10
 234 5.08702e-10    484 4.5267e-10     734 9.20888e-10    984 5.7
 235 5.7            485 3.75775e-10    735 5.7            985 1.45994e-08
 236 5.7            486 2.68449e-09    736 1.1122e-09     986 5.58338e-09
 237 3.47138e-10    487 5.7            737 5.54248e-10    987 4.89113e-09
 238 3.22132e-09    488 5.7            738 5.7            988 6.08134e-10
 239 5.10075e-10    489 5.7            739 1.29858e-09    989 5.7
 240 6.14862e-10    490 2.77328e-10    740 4.25675e-10    990 6.63988e-10
 241 3.5902e-10     491 5.41815e-10    741 1.31665e-09    991 1.97557e-09
 242 3.47594e-10    492 5.7            742 5.7            992 5.7
 243 3.16305e-10    493 5.7            743 4.67616e-10    993 4.56152e-10
 244 3.13009e-10    494 5.7            744 6.51486e-10    994 6.55837e-10
 245 1.99881e-09    495 5.7            745 5.7            995 2.89379e-10
 246 3.67478e-10    496 3.66212e-10    746 5.7            996 1.71912
 247 1.24049e-07    497 5.7            747 4.71575e-09    997 5.7
 248 5.7            498 7.77371e-10    748 5.43079e-09    998 4.13724e-10
 249 8.30573e-10    499 7.38557e-09    749 5.52927e-10    999 5.7
 250 5.7            500 5.7            750 4.14115e-10   1000 2.06249e-10
;

w [*] :=
1  4.54128
2  4.73366
3  5.33484
4  4.95617
;

gamma = -9.71265

y_pred [*] :=
   1  1    126  1    251  1    376 -1    501  1    626  1    751 -1    876 -1
   2 -1    127  1    252  1    377  1    502 -1    627  1    752  1    877  1
   3  1    128 -1    253 -1    378 -1    503  1    628 -1    753 -1    878  1
   4  1    129 -1    254  1    379 -1    504  1    629  1    754  1    879 -1
   5 -1    130 -1    255 -1    380 -1    505  1    630 -1    755  1    880  1
   6  1    131  1    256  1    381  1    506 -1    631  1    756 -1    881 -1
   7 -1    132 -1    257 -1    382 -1    507  1    632  1    757 -1    882 -1
   8 -1    133  1    258  1    383  1    508 -1    633  1    758 -1    883  1
   9 -1    134 -1    259 -1    384  1    509  1    634 -1    759 -1    884 -1
  10  1    135  1    260  1    385  1    510  1    635  1    760  1    885  1
  11 -1    136 -1    261 -1    386  1    511  1    636 -1    761 -1    886 -1
  12 -1    137 -1    262  1    387 -1    512  1    637 -1    762 -1    887 -1
  13 -1    138  1    263  1    388 -1    513  1    638  1    763 -1    888 -1
  14 -1    139  1    264  1    389  1    514 -1    639 -1    764  1    889 -1
  15  1    140 -1    265  1    390 -1    515 -1    640  1    765  1    890  1
  16  1    141 -1    266 -1    391 -1    516  1    641  1    766 -1    891  1
  17 -1    142 -1    267  1    392 -1    517  1    642 -1    767 -1    892 -1
  18  1    143 -1    268  1    393  1    518 -1    643 -1    768 -1    893 -1
  19  1    144 -1    269  1    394  1    519  1    644  1    769  1    894  1
  20  1    145  1    270 -1    395  1    520  1    645 -1    770  1    895  1
  21  1    146  1    271  1    396  1    521 -1    646 -1    771  1    896  1
  22 -1    147 -1    272 -1    397  1    522  1    647  1    772  1    897 -1
  23 -1    148 -1    273 -1    398 -1    523  1    648 -1    773  1    898  1
  24  1    149 -1    274 -1    399  1    524  1    649  1    774 -1    899  1
  25  1    150 -1    275 -1    400  1    525  1    650 -1    775 -1    900 -1
  26 -1    151 -1    276  1    401 -1    526  1    651 -1    776 -1    901  1
  27 -1    152 -1    277 -1    402 -1    527 -1    652  1    777  1    902  1
  28 -1    153 -1    278  1    403 -1    528  1    653 -1    778 -1    903 -1
  29 -1    154  1    279  1    404 -1    529  1    654 -1    779  1    904  1
  30 -1    155  1    280  1    405  1    530 -1    655 -1    780 -1    905 -1
  31  1    156 -1    281 -1    406 -1    531  1    656  1    781  1    906  1
  32 -1    157 -1    282 -1    407  1    532 -1    657 -1    782  1    907  1
  33 -1    158 -1    283  1    408 -1    533  1    658 -1    783  1    908  1
  34 -1    159 -1    284 -1    409 -1    534  1    659 -1    784 -1    909 -1
  35  1    160  1    285  1    410 -1    535 -1    660 -1    785 -1    910 -1
  36 -1    161 -1    286  1    411  1    536 -1    661 -1    786 -1    911  1
  37  1    162 -1    287  1    412  1    537 -1    662 -1    787  1    912 -1
  38  1    163  1    288  1    413  1    538  1    663 -1    788 -1    913  1
  39 -1    164 -1    289 -1    414  1    539 -1    664 -1    789  1    914  1
  40 -1    165  1    290 -1    415 -1    540 -1    665 -1    790 -1    915  1
  41  1    166 -1    291  1    416 -1    541 -1    666 -1    791 -1    916 -1
  42 -1    167  1    292 -1    417 -1    542 -1    667 -1    792 -1    917 -1
  43  1    168 -1    293  1    418 -1    543 -1    668  1    793  1    918 -1
  44 -1    169  1    294 -1    419 -1    544 -1    669  1    794  1    919 -1
  45  1    170 -1    295 -1    420 -1    545 -1    670 -1    795  1    920  1
  46  1    171 -1    296 -1    421  1    546 -1    671 -1    796 -1    921 -1
  47 -1    172 -1    297 -1    422  1    547  1    672 -1    797  1    922  1
  48 -1    173  1    298 -1    423  1    548  1    673 -1    798  1    923 -1
  49 -1    174  1    299  1    424 -1    549 -1    674  1    799  1    924 -1
  50  1    175 -1    300  1    425  1    550 -1    675 -1    800 -1    925  1
  51 -1    176  1    301  1    426  1    551  1    676 -1    801 -1    926 -1
  52  1    177 -1    302 -1    427 -1    552  1    677 -1    802  1    927 -1
  53  1    178 -1    303  1    428  1    553  1    678  1    803  1    928  1
  54  1    179  1    304  1    429  1    554 -1    679 -1    804 -1    929  1
  55 -1    180  1    305 -1    430  1    555  1    680 -1    805 -1    930  1
  56  1    181 -1    306  1    431 -1    556 -1    681 -1    806  1    931 -1
  57 -1    182 -1    307  1    432 -1    557  1    682  1    807  1    932  1
  58 -1    183  1    308  1    433  1    558  1    683 -1    808 -1    933  1
  59 -1    184 -1    309  1    434 -1    559 -1    684 -1    809  1    934 -1
  60 -1    185 -1    310 -1    435 -1    560  1    685  1    810  1    935  1
  61 -1    186  1    311  1    436 -1    561  1    686  1    811  1    936  1
  62 -1    187 -1    312  1    437  1    562  1    687  1    812  1    937  1
  63  1    188  1    313  1    438  1    563 -1    688 -1    813 -1    938  1
  64 -1    189  1    314 -1    439 -1    564 -1    689  1    814 -1    939  1
  65  1    190 -1    315  1    440 -1    565 -1    690  1    815 -1    940  1
  66 -1    191  1    316 -1    441 -1    566  1    691 -1    816 -1    941 -1
  67 -1    192  1    317 -1    442  1    567 -1    692 -1    817 -1    942 -1
  68  1    193  1    318 -1    443 -1    568 -1    693 -1    818  1    943 -1
  69 -1    194  1    319 -1    444  1    569 -1    694 -1    819 -1    944  1
  70  1    195 -1    320  1    445  1    570 -1    695 -1    820 -1    945  1
  71 -1    196  1    321 -1    446  1    571  1    696  1    821  1    946  1
  72 -1    197  1    322  1    447 -1    572 -1    697 -1    822 -1    947 -1
  73 -1    198 -1    323 -1    448 -1    573  1    698 -1    823 -1    948  1
  74  1    199 -1    324  1    449 -1    574  1    699 -1    824  1    949  1
  75  1    200  1    325  1    450  1    575 -1    700 -1    825  1    950  1
  76  1    201 -1    326  1    451 -1    576  1    701 -1    826  1    951  1
  77  1    202  1    327  1    452 -1    577  1    702  1    827  1    952  1
  78 -1    203  1    328  1    453  1    578 -1    703  1    828 -1    953 -1
  79  1    204  1    329 -1    454 -1    579  1    704 -1    829  1    954  1
  80  1    205 -1    330  1    455  1    580 -1    705 -1    830  1    955  1
  81 -1    206  1    331 -1    456  1    581 -1    706 -1    831 -1    956 -1
  82 -1    207 -1    332  1    457  1    582 -1    707 -1    832  1    957 -1
  83  1    208 -1    333 -1    458 -1    583 -1    708 -1    833 -1    958  1
  84 -1    209  1    334  1    459  1    584 -1    709  1    834  1    959  1
  85  1    210  1    335 -1    460 -1    585  1    710 -1    835  1    960  1
  86 -1    211 -1    336  1    461  1    586 -1    711 -1    836 -1    961 -1
  87 -1    212  1    337  1    462 -1    587  1    712  1    837  1    962 -1
  88  1    213  1    338 -1    463  1    588  1    713 -1    838  1    963 -1
  89 -1    214 -1    339  1    464  1    589  1    714 -1    839  1    964 -1
  90  1    215 -1    340  1    465  1    590  1    715 -1    840  1    965  1
  91 -1    216 -1    341  1    466 -1    591  1    716 -1    841 -1    966  1
  92  1    217 -1    342 -1    467 -1    592  1    717  1    842 -1    967 -1
  93 -1    218 -1    343  1    468  1    593 -1    718  1    843 -1    968 -1
  94  1    219  1    344 -1    469 -1    594 -1    719  1    844 -1    969  1
  95 -1    220 -1    345 -1    470 -1    595 -1    720 -1    845  1    970 -1
  96 -1    221 -1    346  1    471  1    596  1    721  1    846 -1    971  1
  97  1    222 -1    347 -1    472  1    597 -1    722 -1    847  1    972  1
  98  1    223  1    348 -1    473  1    598  1    723  1    848 -1    973 -1
  99  1    224  1    349  1    474 -1    599  1    724 -1    849  1    974  1
 100 -1    225 -1    350  1    475  1    600  1    725 -1    850  1    975 -1
 101 -1    226 -1    351  1    476  1    601  1    726  1    851  1    976  1
 102 -1    227 -1    352  1    477  1    602  1    727 -1    852 -1    977  1
 103  1    228 -1    353  1    478  1    603 -1    728  1    853 -1    978 -1
 104 -1    229  1    354  1    479 -1    604 -1    729  1    854 -1    979  1
 105  1    230 -1    355  1    480  1    605 -1    730 -1    855  1    980  1
 106  1    231  1    356  1    481  1    606 -1    731  1    856  1    981  1
 107 -1    232 -1    357 -1    482  1    607  1    732 -1    857 -1    982  1
 108 -1    233  1    358  1    483  1    608 -1    733  1    858  1    983 -1
 109  1    234  1    359  1    484 -1    609  1    734 -1    859 -1    984  1
 110  1    235 -1    360 -1    485  1    610 -1    735  1    860  1    985  1
 111  1    236 -1    361  1    486 -1    611 -1    736  1    861 -1    986  1
 112 -1    237  1    362 -1    487  1    612 -1    737 -1    862 -1    987  1
 113  1    238 -1    363 -1    488 -1    613  1    738 -1    863 -1    988 -1
 114  1    239  1    364  1    489 -1    614 -1    739  1    864 -1    989 -1
 115  1    240  1    365  1    490 -1    615  1    740  1    865 -1    990  1
 116  1    241  1    366  1    491 -1    616  1    741 -1    866  1    991 -1
 117 -1    242 -1    367 -1    492 -1    617 -1    742 -1    867 -1    992 -1
 118 -1    243  1    368 -1    493  1    618  1    743  1    868  1    993 -1
 119  1    244  1    369 -1    494  1    619  1    744 -1    869  1    994 -1
 120 -1    245  1    370 -1    495  1    620  1    745 -1    870 -1    995 -1
 121  1    246  1    371 -1    496 -1    621  1    746  1    871  1    996 -1
 122  1    247  1    372 -1    497  1    622  1    747  1    872  1    997 -1
 123  1    248 -1    373 -1    498  1    623  1    748 -1    873  1    998 -1
 124  1    249 -1    374  1    499 -1    624  1    749  1    874  1    999 -1
 125  1    250  1    375 -1    500 -1    625 -1    750 -1    875 -1   1000  1
;

misclassifications = 74

accuracy = 0.926